{
  "353": {
    "beta-0.2.003": {
      "linux": {
        "compilation_exit_code": 1,
        "compiler_error_output": "\nIn Workspace 2 (\"Target Program\"):\n/home/ubuntu/Desktop/actions-runner/_work/JaiCommunityBugTrackerDev/JaiCommunityBugTrackerDev/compiler_bugs/353_352_CEC1.jai:5,38: Error: Attempt to use a value inside its own declaration.\n\n        tree : [..] T;\n    }\n    heap_peek :: (heap: *Heap($T, #type (heap.T, heap.T) -> (bool))) -> (T, success: bool)\n                                         ^^^^\n\n/home/ubuntu/Desktop/actions-runner/_work/JaiCommunityBugTrackerDev/JaiCommunityBugTrackerDev/compiler_bugs/353_352_CEC1.jai:5,15: ... Here is the start of the declaration.\n",
        "compiler_output": "",
        "expected_compilation_exit_code": 1,
        "expected_run_exit_code": -1,
        "is_runtime_test": false,
        "passed_test": true,
        "run_exit_code": -1,
        "runtime_error_output": "",
        "runtime_output": ""
      },
      "windows": {
        "compilation_exit_code": 1,
        "compiler_error_output": "\r\nIn Workspace 2 (\"Target Program\"):\r\nC:/Users/Private/Desktop/testo_runner/_work/JaiCommunityBugTrackerDev/JaiCommunityBugTrackerDev/compiler_bugs/353_352_CEC1.jai:5,38: Error: Attempt to use a value inside its own declaration.\r\n\r\n        tree : [..] T;\r\n    }\r\n    heap_peek :: (heap: *Heap($T, #type (heap.T, heap.T) -> (bool))) -> (T, success: bool)\r\n                                         ^^^^\r\n\r\nC:/Users/Private/Desktop/testo_runner/_work/JaiCommunityBugTrackerDev/JaiCommunityBugTrackerDev/compiler_bugs/353_352_CEC1.jai:5,15: ... Here is the start of the declaration.\r\n",
        "compiler_output": "",
        "expected_compilation_exit_code": 1,
        "expected_run_exit_code": -1,
        "is_runtime_test": false,
        "passed_test": true,
        "run_exit_code": -1,
        "runtime_error_output": "",
        "runtime_output": ""
      }
    },
    "file_path": "compiler_bugs/353_352_CEC1.jai",
    "tracking_issue_number": 353
  },
  "356": {
    "beta-0.2.003": {
      "linux": {
        "compilation_exit_code": 1,
        "compiler_error_output": "\nIn Workspace 2 (\"Target Program\"):\nThe program contains circular dependencies.\nStrangely, we did not find a cycle, so this is probably due to a compiler bug. To help you work around the problem, we'll now print out what is not compiling:\n\nHere are items, waiting to compile, that look suspicious because we don't know why they are waiting:\n\n/home/ubuntu/Desktop/actions-runner/_work/JaiCommunityBugTrackerDev/JaiCommunityBugTrackerDev/compiler_bugs/356_355_CEC0.jai:1,1: Info: (declaration of 'X')\n\n    X::union{x:X;}\n    ^^^^^^^^\n\nIn Workspace 2 (\"Target Program\"):\n/home/ubuntu/Desktop/actions-runner/_work/JaiCommunityBugTrackerDev/JaiCommunityBugTrackerDev/compiler_bugs/356_355_CEC0.jai:1,1: s=0x0 type=DECLARATION\n\n    X::union{x:X;}\n    ^^^^^^^^\n\n/home/ubuntu/Desktop/actions-runner/_work/JaiCommunityBugTrackerDev/JaiCommunityBugTrackerDev/compiler_bugs/356_355_CEC0.jai:1,10: Info: (declaration of 'x')\n\n    X::union{x:X;}\n             ^^^\n\nIn Workspace 2 (\"Target Program\"):\n/home/ubuntu/Desktop/actions-runner/_work/JaiCommunityBugTrackerDev/JaiCommunityBugTrackerDev/compiler_bugs/356_355_CEC0.jai:1,10: s=0x0 type=DECLARATION\n\n    X::union{x:X;}\n             ^^^\n\n\nHere are some other items, that may just be waiting on the ones listed above:\n\n/home/ubuntu/Desktop/actions-runner/_work/JaiCommunityBugTrackerDev/JaiCommunityBugTrackerDev/compiler_bugs/356_355_CEC0.jai:1,4: Info: (X)\n\n    X::union{x:X;}\n       ^^^^^\n\nIn Workspace 2 (\"Target Program\"):\n/home/ubuntu/Desktop/actions-runner/_work/JaiCommunityBugTrackerDev/JaiCommunityBugTrackerDev/compiler_bugs/356_355_CEC0.jai:1,4: s=0x0 type=STRUCT\n\n    X::union{x:X;}\n       ^^^^^\n\n\n",
        "compiler_output": "",
        "expected_compilation_exit_code": 0,
        "expected_run_exit_code": -1,
        "is_runtime_test": false,
        "passed_test": false,
        "run_exit_code": -1,
        "runtime_error_output": "",
        "runtime_output": ""
      },
      "windows": {
        "compilation_exit_code": 1,
        "compiler_error_output": "\r\nIn Workspace 2 (\"Target Program\"):\r\nThe program contains circular dependencies.\r\nStrangely, we did not find a cycle, so this is probably due to a compiler bug. To help you work around the problem, we'll now print out what is not compiling:\r\n\r\nHere are items, waiting to compile, that look suspicious because we don't know why they are waiting:\r\n\r\nC:/Users/Private/Desktop/testo_runner/_work/JaiCommunityBugTrackerDev/JaiCommunityBugTrackerDev/compiler_bugs/356_355_CEC0.jai:1,1: Info: (declaration of 'X')\r\n\r\n    X::union{x:X;}\r\n    ^^^^^^^^\r\n\r\nIn Workspace 2 (\"Target Program\"):\r\nC:/Users/Private/Desktop/testo_runner/_work/JaiCommunityBugTrackerDev/JaiCommunityBugTrackerDev/compiler_bugs/356_355_CEC0.jai:1,1: s=0x0 type=DECLARATION\r\n\r\n    X::union{x:X;}\r\n    ^^^^^^^^\r\n\r\nC:/Users/Private/Desktop/testo_runner/_work/JaiCommunityBugTrackerDev/JaiCommunityBugTrackerDev/compiler_bugs/356_355_CEC0.jai:1,10: Info: (declaration of 'x')\r\n\r\n    X::union{x:X;}\r\n             ^^^\r\n\r\nIn Workspace 2 (\"Target Program\"):\r\nC:/Users/Private/Desktop/testo_runner/_work/JaiCommunityBugTrackerDev/JaiCommunityBugTrackerDev/compiler_bugs/356_355_CEC0.jai:1,10: s=0x0 type=DECLARATION\r\n\r\n    X::union{x:X;}\r\n             ^^^\r\n\r\n\r\nHere are some other items, that may just be waiting on the ones listed above:\r\n\r\nC:/Users/Private/Desktop/testo_runner/_work/JaiCommunityBugTrackerDev/JaiCommunityBugTrackerDev/compiler_bugs/356_355_CEC0.jai:1,4: Info: (X)\r\n\r\n    X::union{x:X;}\r\n       ^^^^^\r\n\r\nIn Workspace 2 (\"Target Program\"):\r\nC:/Users/Private/Desktop/testo_runner/_work/JaiCommunityBugTrackerDev/JaiCommunityBugTrackerDev/compiler_bugs/356_355_CEC0.jai:1,4: s=0x0 type=STRUCT\r\n\r\n    X::union{x:X;}\r\n       ^^^^^\r\n\r\n\r\n",
        "compiler_output": "",
        "expected_compilation_exit_code": 0,
        "expected_run_exit_code": -1,
        "is_runtime_test": false,
        "passed_test": false,
        "run_exit_code": -1,
        "runtime_error_output": "",
        "runtime_output": ""
      }
    },
    "file_path": "compiler_bugs/356_355_CEC0.jai",
    "tracking_issue_number": 356
  },
  "365": {
    "beta-0.2.003": {
      "linux": {
        "compilation_exit_code": 1,
        "compiler_error_output": "\nIn Workspace 2 (\"Target Program\"):\n/home/ubuntu/Desktop/actions-runner/_work/JaiCommunityBugTrackerDev/JaiCommunityBugTrackerDev/compiler_bugs/365_363_CEC0.jai:3,33: Error: Compile-time assertion failed.\n\n    #import \"Basic\";\n    check :: (o1 : $T1, o2 : $T2) { #assert(T1 == T2); }\n                                    ^^^^^^^\n\nInfo: In Workspace 2 (\"Target Program\"), building target '365_363_CEC0'.\n/home/ubuntu/Desktop/actions-runner/_work/JaiCommunityBugTrackerDev/JaiCommunityBugTrackerDev/compiler_bugs/365_363_CEC0.jai:3,10: Polymorph generation history:\n/home/ubuntu/Desktop/actions-runner/_work/JaiCommunityBugTrackerDev/JaiCommunityBugTrackerDev/compiler_bugs/365_363_CEC0.jai:3,10: Info: While generating a polymorph of this procedure.\n\n    check :: (o1 : $T1, o2 : $T2) { #assert(T1 == T2); }\n             ^^^^^^^^^^^^^^^^^^^^\n\n/home/ubuntu/Desktop/actions-runner/_work/JaiCommunityBugTrackerDev/JaiCommunityBugTrackerDev/compiler_bugs/365_363_CEC0.jai:3,10: ... with the following constants: (T1=void, T2=Type).\n/home/ubuntu/Desktop/actions-runner/_work/JaiCommunityBugTrackerDev/JaiCommunityBugTrackerDev/compiler_bugs/365_363_CEC0.jai:6,2: Info: ... The polymorph was triggered here.\n\n    main :: () {\n    \tcheck((cast(*void)0).*, #run (cast(*void)0).*); // OK\n    \tcheck((struct{x:void;}).{}.x, #run (struct{x:void;}).{}.x); // fails\n     ^^^^^^^^^^^^^^^^^^^^^^^^^^^^^^^^^^^^^^^^^^^^^^^^^^^^^^^^^^\n\n",
        "compiler_output": "",
        "expected_compilation_exit_code": 0,
        "expected_run_exit_code": -1,
        "is_runtime_test": false,
        "passed_test": false,
        "run_exit_code": -1,
        "runtime_error_output": "",
        "runtime_output": ""
      },
      "windows": {
        "compilation_exit_code": 1,
        "compiler_error_output": "\r\nIn Workspace 2 (\"Target Program\"):\r\nC:/Users/Private/Desktop/testo_runner/_work/JaiCommunityBugTrackerDev/JaiCommunityBugTrackerDev/compiler_bugs/365_363_CEC0.jai:3,33: Error: Compile-time assertion failed.\r\n\r\n    #import \"Basic\";\r\n    check :: (o1 : $T1, o2 : $T2) { #assert(T1 == T2); }\r\n                                    ^^^^^^^\r\n\r\nInfo: In Workspace 2 (\"Target Program\"), building target '365_363_CEC0'.\r\nC:/Users/Private/Desktop/testo_runner/_work/JaiCommunityBugTrackerDev/JaiCommunityBugTrackerDev/compiler_bugs/365_363_CEC0.jai:3,10: Polymorph generation history:\r\nC:/Users/Private/Desktop/testo_runner/_work/JaiCommunityBugTrackerDev/JaiCommunityBugTrackerDev/compiler_bugs/365_363_CEC0.jai:3,10: Info: While generating a polymorph of this procedure.\r\n\r\n    check :: (o1 : $T1, o2 : $T2) { #assert(T1 == T2); }\r\n             ^^^^^^^^^^^^^^^^^^^^\r\n\r\nC:/Users/Private/Desktop/testo_runner/_work/JaiCommunityBugTrackerDev/JaiCommunityBugTrackerDev/compiler_bugs/365_363_CEC0.jai:3,10: ... with the following constants: (T1=void, T2=Type).\r\nC:/Users/Private/Desktop/testo_runner/_work/JaiCommunityBugTrackerDev/JaiCommunityBugTrackerDev/compiler_bugs/365_363_CEC0.jai:6,2: Info: ... The polymorph was triggered here.\r\n\r\n    main :: () {\r\n    \tcheck((cast(*void)0).*, #run (cast(*void)0).*); // OK\r\n    \tcheck((struct{x:void;}).{}.x, #run (struct{x:void;}).{}.x); // fails\r\n     ^^^^^^^^^^^^^^^^^^^^^^^^^^^^^^^^^^^^^^^^^^^^^^^^^^^^^^^^^^\r\n\r\n",
        "compiler_output": "",
        "expected_compilation_exit_code": 0,
        "expected_run_exit_code": -1,
        "is_runtime_test": false,
        "passed_test": false,
        "run_exit_code": -1,
        "runtime_error_output": "",
        "runtime_output": ""
      }
    },
    "file_path": "compiler_bugs/365_363_CEC0.jai",
    "tracking_issue_number": 365
  },
  "366": {
    "beta-0.2.003": {
      "linux": {
        "compilation_exit_code": 0,
        "compiler_error_output": "",
        "compiler_output": "-1\n-2\n-3\n-4\n-5\n-6\n-7\n-8\n-9\n-10\n-11\n-12\n-13\n-14\n-15\n",
        "expected_compilation_exit_code": 1,
        "expected_run_exit_code": -1,
        "is_runtime_test": false,
        "passed_test": false,
        "run_exit_code": -1,
        "runtime_error_output": "",
        "runtime_output": ""
      },
      "windows": {
        "compilation_exit_code": 0,
        "compiler_error_output": "",
        "compiler_output": "-1\r\n-2\r\n-3\r\n-4\r\n-5\r\n-6\r\n-7\r\n-8\r\n-9\r\n-10\r\n-11\r\n-12\r\n-13\r\n-14\r\n-15\r\n",
        "expected_compilation_exit_code": 1,
        "expected_run_exit_code": -1,
        "is_runtime_test": false,
        "passed_test": false,
        "run_exit_code": -1,
        "runtime_error_output": "",
        "runtime_output": ""
      }
    },
    "file_path": "compiler_bugs/366_362_CEC1.jai",
    "tracking_issue_number": 366
  },
  "368": {
    "beta-0.2.003": {
      "linux": {
        "compilation_exit_code": 0,
        "compiler_error_output": "",
        "compiler_output": "Running linker: /home/ubuntu/Desktop/Jai/jai-beta-0.2.003//bin/lld-linux -flavor Gnu --eh-frame-hdr -export-dynamic -o /home/ubuntu/Desktop/actions-runner/_work/JaiCommunityBugTrackerDev/JaiCommunityBugTrackerDev/compiler_bugs/368_361_REC0 /home/ubuntu/Desktop/actions-runner/_work/JaiCommunityBugTrackerDev/JaiCommunityBugTrackerDev/compiler_bugs/.build/368_361_REC0_0_w2.o /home/ubuntu/Desktop/actions-runner/_work/JaiCommunityBugTrackerDev/JaiCommunityBugTrackerDev/compiler_bugs/.build/368_361_REC0_1_w2.o /home/ubuntu/Desktop/actions-runner/_work/JaiCommunityBugTrackerDev/JaiCommunityBugTrackerDev/compiler_bugs/.build/368_361_REC0_2_w2.o /home/ubuntu/Desktop/actions-runner/_work/JaiCommunityBugTrackerDev/JaiCommunityBugTrackerDev/compiler_bugs/.build/368_361_REC0_3_w2.o /lib/x86_64-linux-gnu/crt1.o /lib/x86_64-linux-gnu/crti.o /lib/x86_64-linux-gnu/crtn.o -L /home/ubuntu/Desktop/actions-runner/_work/JaiCommunityBugTrackerDev/JaiCommunityBugTrackerDev --dynamic-linker /lib64/ld-linux-x86-64.so.2 -rpath='$ORIGIN' -L /usr/lib/x86_64-linux-gnu/libfakeroot -L /usr/local/lib -L /usr/local/lib/x86_64-linux-gnu -L /lib/x86_64-linux-gnu -L /usr/lib/x86_64-linux-gnu -L /lib64 -L /lib -L /usr/lib64 -L /usr/lib -L /home/ubuntu/Desktop/Jai/jai-beta-0.2.003/modules/ --start-group /lib/x86_64-linux-gnu/libc.so --end-group\n\nStats for Workspace 2 (\"Target Program\"):\nLexer lines processed: 11293 (18973 including blank lines, comments.)\nFront-end time: 0.094528 seconds.\nllvm      time: 0.201119 seconds.\n\nCompiler  time: 0.295648 seconds.\nLink      time: 0.000441 seconds.\nTotal     time: 0.296088 seconds.\n",
        "expected_compilation_exit_code": 0,
        "expected_run_exit_code": 0,
        "is_runtime_test": true,
        "passed_test": false,
        "run_exit_code": 1,
        "runtime_error_output": "Cast bounds check failed.  Number must be in [0, 255]; it was 1230.  Site is /home/ubuntu/Desktop/Jai/jai-beta-0.2.003/modules/String/module.jai:1196.\nPanic.\nBreakpoint hit. Stack trace:\ncompiler_bugs/368_361_REC0(debug_break_30000019d+0x29) [0x22bbd9]\ncompiler_bugs/368_361_REC0(my_panic_300000194+0x54) [0x21ef94]\ncompiler_bugs/368_361_REC0(__cast_bounds_check_fail_30000018c+0x582) [0x21eb92]\ncompiler_bugs/368_361_REC0(parse_int_1700000009+0x1ef) [0x22d30f]\ncompiler_bugs/368_361_REC0(__program_main+0x185) [0x2241e5]\ncompiler_bugs/368_361_REC0(main+0xa6) [0x2275f6]\n/lib/x86_64-linux-gnu/libc.so.6(+0x29d90) [0x723767029d90]\n/lib/x86_64-linux-gnu/libc.so.6(__libc_start_main+0x80) [0x723767029e40]\ncompiler_bugs/368_361_REC0(_start+0x25) [0x248225]\n",
        "runtime_output": ""
      },
      "windows": {
        "compilation_exit_code": 0,
        "compiler_error_output": "",
        "compiler_output": "   Creating library C:/Users/Private/Desktop/testo_runner/_work/JaiCommunityBugTrackerDev/JaiCommunityBugTrackerDev/compiler_bugs/.build/368_361_REC0.lib and object C:/Users/Private/Desktop/testo_runner/_work/JaiCommunityBugTrackerDev/JaiCommunityBugTrackerDev/compiler_bugs/.build/368_361_REC0.exp\r\nRunning linker: \"C:\\Program Files\\Microsoft Visual Studio\\2022\\Community\\VC\\Tools\\MSVC\\14.39.33519\\bin\\Hostx64\\x64\\link.exe\" /nologo C:/Users/Private/Desktop/testo_runner/_work/JaiCommunityBugTrackerDev/JaiCommunityBugTrackerDev/compiler_bugs/.build/368_361_REC0_0_w2.obj C:/Users/Private/Desktop/testo_runner/_work/JaiCommunityBugTrackerDev/JaiCommunityBugTrackerDev/compiler_bugs/.build/368_361_REC0_1_w2.obj C:/Users/Private/Desktop/testo_runner/_work/JaiCommunityBugTrackerDev/JaiCommunityBugTrackerDev/compiler_bugs/.build/368_361_REC0_2_w2.obj C:/Users/Private/Desktop/testo_runner/_work/JaiCommunityBugTrackerDev/JaiCommunityBugTrackerDev/compiler_bugs/.build/368_361_REC0_3_w2.obj /OUT:C:/Users/Private/Desktop/testo_runner/_work/JaiCommunityBugTrackerDev/JaiCommunityBugTrackerDev/compiler_bugs/368_361_REC0.exe /MACHINE:AMD64 /INCREMENTAL:NO /DEBUG /IMPLIB:C:/Users/Private/Desktop/testo_runner/_work/JaiCommunityBugTrackerDev/JaiCommunityBugTrackerDev/compiler_bugs/.build/368_361_REC0.lib /libpath:\"C:\\Program Files\\Microsoft Visual Studio\\2022\\Community\\VC\\Tools\\MSVC\\14.39.33519\\lib\\x64\" /libpath:\"C:\\Program Files (x86)\\Windows Kits\\10\\Lib\\10.0.22000.0\\um\\x64\" /libpath:\"C:\\Program Files (x86)\\Windows Kits\\10\\Lib\\10.0.22000.0\\ucrt\\x64\" -nodefaultlib libcmt.lib vcruntime.lib ucrt.lib kernel32.lib kernel32.lib DbgHelp.lib\r\n\r\nStats for Workspace 2 (\"Target Program\"):\r\nLexer lines processed: 10833 (17412 including blank lines, comments.)\r\nFront-end time: 0.099430 seconds.\r\nllvm      time: 0.089061 seconds.\r\n\r\nCompiler  time: 0.188492 seconds.\r\nLink      time: 0.386775 seconds.\r\nTotal     time: 0.575267 seconds.\r\n",
        "expected_compilation_exit_code": 0,
        "expected_run_exit_code": 0,
        "is_runtime_test": true,
        "passed_test": false,
        "run_exit_code": 1,
        "runtime_error_output": "Cast bounds check failed.  Number must be in [0, 255]; it was 1230.  Site is C:/jai/modules/String/module.jai:1196.\nPanic.\nA breakpoint was hit, but no debugger is attached.\n\nPrinting the stack trace:\nhandle_exception                  C:\\jai\\modules\\Runtime_Support_Crash_Handler.jai:361\n... (skipping OS-internal procedures)\ndebug_break                       C:\\jai\\modules\\Runtime_Support.jai:462\nmy_panic                          C:\\jai\\modules\\Runtime_Support.jai:364\n__cast_bounds_check_fail          C:\\jai\\modules\\Runtime_Support.jai:218\nparse_int(T=u8)                   C:\\jai\\modules\\String\\module.jai:1196\nmain                              C:\\Users\\Private\\Desktop\\testo_runner\\_work\\JaiCommunityBugTrackerDev\\JaiCommunityBugTrackerDev\\compiler_bugs\\368_361_REC0.jai:6\n",
        "runtime_output": ""
      }
    },
    "file_path": "compiler_bugs/368_361_REC0.jai",
    "tracking_issue_number": 368
  },
  "370": {
    "beta-0.2.003": {
      "linux": {
        "compilation_exit_code": 0,
        "compiler_error_output": "",
        "compiler_output": "Running linker: /home/ubuntu/Desktop/Jai/jai-beta-0.2.003//bin/lld-linux -flavor Gnu --eh-frame-hdr -export-dynamic -o /home/ubuntu/Desktop/actions-runner/_work/JaiCommunityBugTrackerDev/JaiCommunityBugTrackerDev/compiler_bugs/370_359_CEC1 /home/ubuntu/Desktop/actions-runner/_work/JaiCommunityBugTrackerDev/JaiCommunityBugTrackerDev/compiler_bugs/.build/370_359_CEC1_0_w2.o /home/ubuntu/Desktop/actions-runner/_work/JaiCommunityBugTrackerDev/JaiCommunityBugTrackerDev/compiler_bugs/.build/370_359_CEC1_1_w2.o /home/ubuntu/Desktop/actions-runner/_work/JaiCommunityBugTrackerDev/JaiCommunityBugTrackerDev/compiler_bugs/.build/370_359_CEC1_2_w2.o /home/ubuntu/Desktop/actions-runner/_work/JaiCommunityBugTrackerDev/JaiCommunityBugTrackerDev/compiler_bugs/.build/370_359_CEC1_3_w2.o /lib/x86_64-linux-gnu/crt1.o /lib/x86_64-linux-gnu/crti.o /lib/x86_64-linux-gnu/crtn.o -L /home/ubuntu/Desktop/actions-runner/_work/JaiCommunityBugTrackerDev/JaiCommunityBugTrackerDev --dynamic-linker /lib64/ld-linux-x86-64.so.2 -rpath='$ORIGIN' -L /usr/lib/x86_64-linux-gnu/libfakeroot -L /usr/local/lib -L /usr/local/lib/x86_64-linux-gnu -L /lib/x86_64-linux-gnu -L /usr/lib/x86_64-linux-gnu -L /lib64 -L /lib -L /usr/lib64 -L /usr/lib -L /home/ubuntu/Desktop/Jai/jai-beta-0.2.003/modules/ --start-group /lib/x86_64-linux-gnu/libc.so --end-group\n\nStats for Workspace 2 (\"Target Program\"):\nLexer lines processed: 10292 (17119 including blank lines, comments.)\nFront-end time: 0.081875 seconds.\nllvm      time: 0.230153 seconds.\n\nCompiler  time: 0.312028 seconds.\nLink      time: 0.000486 seconds.\nTotal     time: 0.312514 seconds.\n",
        "expected_compilation_exit_code": 1,
        "expected_run_exit_code": -1,
        "is_runtime_test": false,
        "passed_test": false,
        "run_exit_code": -1,
        "runtime_error_output": "",
        "runtime_output": ""
      },
      "windows": {
        "compilation_exit_code": 0,
        "compiler_error_output": "",
        "compiler_output": "   Creating library C:/Users/Private/Desktop/testo_runner/_work/JaiCommunityBugTrackerDev/JaiCommunityBugTrackerDev/compiler_bugs/.build/370_359_CEC1.lib and object C:/Users/Private/Desktop/testo_runner/_work/JaiCommunityBugTrackerDev/JaiCommunityBugTrackerDev/compiler_bugs/.build/370_359_CEC1.exp\r\nRunning linker: \"C:\\Program Files\\Microsoft Visual Studio\\2022\\Community\\VC\\Tools\\MSVC\\14.39.33519\\bin\\Hostx64\\x64\\link.exe\" /nologo C:/Users/Private/Desktop/testo_runner/_work/JaiCommunityBugTrackerDev/JaiCommunityBugTrackerDev/compiler_bugs/.build/370_359_CEC1_0_w2.obj C:/Users/Private/Desktop/testo_runner/_work/JaiCommunityBugTrackerDev/JaiCommunityBugTrackerDev/compiler_bugs/.build/370_359_CEC1_1_w2.obj C:/Users/Private/Desktop/testo_runner/_work/JaiCommunityBugTrackerDev/JaiCommunityBugTrackerDev/compiler_bugs/.build/370_359_CEC1_2_w2.obj C:/Users/Private/Desktop/testo_runner/_work/JaiCommunityBugTrackerDev/JaiCommunityBugTrackerDev/compiler_bugs/.build/370_359_CEC1_3_w2.obj /OUT:C:/Users/Private/Desktop/testo_runner/_work/JaiCommunityBugTrackerDev/JaiCommunityBugTrackerDev/compiler_bugs/370_359_CEC1.exe /MACHINE:AMD64 /INCREMENTAL:NO /DEBUG /IMPLIB:C:/Users/Private/Desktop/testo_runner/_work/JaiCommunityBugTrackerDev/JaiCommunityBugTrackerDev/compiler_bugs/.build/370_359_CEC1.lib /libpath:\"C:\\Program Files\\Microsoft Visual Studio\\2022\\Community\\VC\\Tools\\MSVC\\14.39.33519\\lib\\x64\" /libpath:\"C:\\Program Files (x86)\\Windows Kits\\10\\Lib\\10.0.22000.0\\um\\x64\" /libpath:\"C:\\Program Files (x86)\\Windows Kits\\10\\Lib\\10.0.22000.0\\ucrt\\x64\" -nodefaultlib libcmt.lib vcruntime.lib ucrt.lib kernel32.lib kernel32.lib DbgHelp.lib\r\n\r\nStats for Workspace 2 (\"Target Program\"):\r\nLexer lines processed: 9832 (15558 including blank lines, comments.)\r\nFront-end time: 0.048563 seconds.\r\nllvm      time: 0.105293 seconds.\r\n\r\nCompiler  time: 0.153856 seconds.\r\nLink      time: 0.288215 seconds.\r\nTotal     time: 0.442072 seconds.\r\n",
        "expected_compilation_exit_code": 1,
        "expected_run_exit_code": -1,
        "is_runtime_test": false,
        "passed_test": false,
        "run_exit_code": -1,
        "runtime_error_output": "",
        "runtime_output": ""
      }
    },
    "file_path": "compiler_bugs/370_359_CEC1.jai",
    "tracking_issue_number": 370
  },
  "371": {
    "beta-0.2.003": {
      "linux": {
        "compilation_exit_code": 1,
        "compiler_error_output": "\nIn Workspace 2 (\"Target Program\"):\n/home/ubuntu/Desktop/actions-runner/_work/JaiCommunityBugTrackerDev/JaiCommunityBugTrackerDev/compiler_bugs/371_358_CEC0.jai:12,5: Error: Identifier 'foo' is used here but is overloaded later, so it is being used before declared.\n\n    }\n    x := 15;\n    foo(x);\n    ^^^\n\n/home/ubuntu/Desktop/actions-runner/_work/JaiCommunityBugTrackerDev/JaiCommunityBugTrackerDev/compiler_bugs/371_358_CEC0.jai:17,5: Info: Here is the overload that is declared later.\n\n    foo :: (y : int) #expand {\n    ^^^^^^^^^^^^^^^^\n\n",
        "compiler_output": "",
        "expected_compilation_exit_code": 0,
        "expected_run_exit_code": -1,
        "is_runtime_test": false,
        "passed_test": false,
        "run_exit_code": -1,
        "runtime_error_output": "",
        "runtime_output": ""
      },
      "windows": {
        "compilation_exit_code": 1,
        "compiler_error_output": "\r\nIn Workspace 2 (\"Target Program\"):\r\nC:/Users/Private/Desktop/testo_runner/_work/JaiCommunityBugTrackerDev/JaiCommunityBugTrackerDev/compiler_bugs/371_358_CEC0.jai:12,5: Error: Identifier 'foo' is used here but is overloaded later, so it is being used before declared.\r\n\r\n    }\r\n    x := 15;\r\n    foo(x);\r\n    ^^^\r\n\r\nC:/Users/Private/Desktop/testo_runner/_work/JaiCommunityBugTrackerDev/JaiCommunityBugTrackerDev/compiler_bugs/371_358_CEC0.jai:17,5: Info: Here is the overload that is declared later.\r\n\r\n    foo :: (y : int) #expand {\r\n    ^^^^^^^^^^^^^^^^\r\n\r\n",
        "compiler_output": "",
        "expected_compilation_exit_code": 0,
        "expected_run_exit_code": -1,
        "is_runtime_test": false,
        "passed_test": false,
        "run_exit_code": -1,
        "runtime_error_output": "",
        "runtime_output": ""
      }
    },
    "file_path": "compiler_bugs/371_358_CEC0.jai",
    "tracking_issue_number": 371
  },
  "373": {
    "beta-0.2.003": {
      "linux": {
        "compilation_exit_code": 1,
        "compiler_error_output": "\nIn Workspace 2 (\"Target Program\"):\n/home/ubuntu/Desktop/actions-runner/_work/JaiCommunityBugTrackerDev/JaiCommunityBugTrackerDev/compiler_bugs/373_357_CEC0.jai:35,19: Error: Mismatching levels of indirection. Type wanted: *B; type given: Wrapper(T=*B)\n\n    #run {\n        set_build_options_dc(.{do_output = false});\n        foo(Wrapper(A).{});\n                      ^^^\n\n/home/ubuntu/Desktop/actions-runner/_work/JaiCommunityBugTrackerDev/JaiCommunityBugTrackerDev/compiler_bugs/373_357_CEC0.jai:30,8: Info: ... in checking argument 1 of call to foo.\n\n    foo :: (a : A) { }\n           ^^^^^^^\n\n",
        "compiler_output": "",
        "expected_compilation_exit_code": 0,
        "expected_run_exit_code": -1,
        "is_runtime_test": false,
        "passed_test": false,
        "run_exit_code": -1,
        "runtime_error_output": "",
        "runtime_output": ""
      },
      "windows": {
        "compilation_exit_code": 1,
        "compiler_error_output": "\r\nIn Workspace 2 (\"Target Program\"):\r\nC:/Users/Private/Desktop/testo_runner/_work/JaiCommunityBugTrackerDev/JaiCommunityBugTrackerDev/compiler_bugs/373_357_CEC0.jai:35,19: Error: Mismatching levels of indirection. Type wanted: *B; type given: Wrapper(T=*B)\r\n\r\n    #run {\r\n        set_build_options_dc(.{do_output = false});\r\n        foo(Wrapper(A).{});\r\n                      ^^^\r\n\r\nC:/Users/Private/Desktop/testo_runner/_work/JaiCommunityBugTrackerDev/JaiCommunityBugTrackerDev/compiler_bugs/373_357_CEC0.jai:30,8: Info: ... in checking argument 1 of call to foo.\r\n\r\n    foo :: (a : A) { }\r\n           ^^^^^^^\r\n\r\n",
        "compiler_output": "",
        "expected_compilation_exit_code": 0,
        "expected_run_exit_code": -1,
        "is_runtime_test": false,
        "passed_test": false,
        "run_exit_code": -1,
        "runtime_error_output": "",
        "runtime_output": ""
      }
    },
    "file_path": "compiler_bugs/373_357_CEC0.jai",
    "tracking_issue_number": 373
  },
  "374": {
    "beta-0.2.003": {
      "linux": {
        "compilation_exit_code": 1,
        "compiler_error_output": "\nIn Workspace 2 (\"Target Program\"):\n/home/ubuntu/Desktop/actions-runner/_work/JaiCommunityBugTrackerDev/JaiCommunityBugTrackerDev/compiler_bugs/374_360_CEC0.jai:14,9: Error: Procedure call did not match any of the possible overloads.\n\n    a := A.{10};\n    max(1, a); // ok\n    1 + a; // error\n    ^^^^^\n\n/home/ubuntu/Desktop/actions-runner/_work/JaiCommunityBugTrackerDev/JaiCommunityBugTrackerDev/compiler_bugs/374_360_CEC0.jai:14,9: The call site's argument types are: (s64/literal, A)\n\nPossible overloads:\n\n        \n    operator + :: inline (a: S128, b: S128) -> S128 { // This can be the same code for S128 and U128.   (/home/ubuntu/Desktop/Jai/jai-beta-0.2.003/modules/Basic/Int128.jai:67)\n                         ^^^^^^^^^^^^^^^^^^\n\n        Type mismatch. Type wanted: S128; type given: s64.\n        /home/ubuntu/Desktop/Jai/jai-beta-0.2.003/modules/Basic/Int128.jai:67,22: Info: ... in argument 1.\n        \n    operator + :: (a: U128, b: U128) -> U128 {   (/home/ubuntu/Desktop/Jai/jai-beta-0.2.003/modules/Basic/Int128.jai:738)\n                  ^^^^^^^^^^^^^^^^^^\n\n        Type mismatch. Type wanted: U128; type given: s64.\n        /home/ubuntu/Desktop/Jai/jai-beta-0.2.003/modules/Basic/Int128.jai:738,15: Info: ... in argument 1.\n        \n    operator + :: (a: U128, b: u64) -> U128 {   (/home/ubuntu/Desktop/Jai/jai-beta-0.2.003/modules/Basic/Int128.jai:742)\n                  ^^^^^^^^^^^^^^^^^\n\n        Type mismatch. Type wanted: U128; type given: s64.\n        /home/ubuntu/Desktop/Jai/jai-beta-0.2.003/modules/Basic/Int128.jai:742,15: Info: ... in argument 1.\n        \n",
        "compiler_output": "",
        "expected_compilation_exit_code": 0,
        "expected_run_exit_code": -1,
        "is_runtime_test": false,
        "passed_test": false,
        "run_exit_code": -1,
        "runtime_error_output": "",
        "runtime_output": ""
      },
      "windows": {
        "compilation_exit_code": 1,
        "compiler_error_output": "\r\nIn Workspace 2 (\"Target Program\"):\r\nC:/Users/Private/Desktop/testo_runner/_work/JaiCommunityBugTrackerDev/JaiCommunityBugTrackerDev/compiler_bugs/374_360_CEC0.jai:14,9: Error: Procedure call did not match any of the possible overloads.\r\n\r\n    a := A.{10};\r\n    max(1, a); // ok\r\n    1 + a; // error\r\n    ^^^^^\r\n\r\nC:/Users/Private/Desktop/testo_runner/_work/JaiCommunityBugTrackerDev/JaiCommunityBugTrackerDev/compiler_bugs/374_360_CEC0.jai:14,9: The call site's argument types are: (s64/literal, A)\r\n\r\nPossible overloads:\r\n\r\n        \r\n    operator + :: inline (a: S128, b: S128) -> S128 { // This can be the same code for S128 and U128.   (C:/jai/modules/Basic/Int128.jai:67)\r\n                         ^^^^^^^^^^^^^^^^^^\r\n\r\n        Type mismatch. Type wanted: S128; type given: s64.\r\n        C:/jai/modules/Basic/Int128.jai:67,22: Info: ... in argument 1.\r\n        \r\n    operator + :: (a: U128, b: U128) -> U128 {   (C:/jai/modules/Basic/Int128.jai:738)\r\n                  ^^^^^^^^^^^^^^^^^^\r\n\r\n        Type mismatch. Type wanted: U128; type given: s64.\r\n        C:/jai/modules/Basic/Int128.jai:738,15: Info: ... in argument 1.\r\n        \r\n    operator + :: (a: U128, b: u64) -> U128 {   (C:/jai/modules/Basic/Int128.jai:742)\r\n                  ^^^^^^^^^^^^^^^^^\r\n\r\n        Type mismatch. Type wanted: U128; type given: s64.\r\n        C:/jai/modules/Basic/Int128.jai:742,15: Info: ... in argument 1.\r\n        \r\n",
        "compiler_output": "",
        "expected_compilation_exit_code": 0,
        "expected_run_exit_code": -1,
        "is_runtime_test": false,
        "passed_test": false,
        "run_exit_code": -1,
        "runtime_error_output": "",
        "runtime_output": ""
      }
    },
    "file_path": "compiler_bugs/374_360_CEC0.jai",
    "tracking_issue_number": 374
  },
  "376": {
    "beta-0.2.003": {
      "linux": {
        "compilation_exit_code": 1,
        "compiler_error_output": "lld-linux: error: undefined symbol: __program_main_d00000165\n>>> referenced by Runtime_Support.jai:439 (/home/ubuntu/Desktop/Jai/jai-beta-0.2.003/modules/Runtime_Support.jai:439)\n>>>               /home/ubuntu/Desktop/actions-runner/_work/JaiCommunityBugTrackerDev/JaiCommunityBugTrackerDev/compiler_bugs/.build/376_372_CEC0_1_w2.o:(__system_entry_point_d00000164)\n",
        "compiler_output": "Running linker: /home/ubuntu/Desktop/Jai/jai-beta-0.2.003//bin/lld-linux -flavor Gnu --eh-frame-hdr -export-dynamic -o /home/ubuntu/Desktop/actions-runner/_work/JaiCommunityBugTrackerDev/JaiCommunityBugTrackerDev/compiler_bugs/376_372_CEC0 /home/ubuntu/Desktop/actions-runner/_work/JaiCommunityBugTrackerDev/JaiCommunityBugTrackerDev/compiler_bugs/.build/376_372_CEC0_0_w2.o /home/ubuntu/Desktop/actions-runner/_work/JaiCommunityBugTrackerDev/JaiCommunityBugTrackerDev/compiler_bugs/.build/376_372_CEC0_1_w2.o /home/ubuntu/Desktop/actions-runner/_work/JaiCommunityBugTrackerDev/JaiCommunityBugTrackerDev/compiler_bugs/.build/376_372_CEC0_2_w2.o /home/ubuntu/Desktop/actions-runner/_work/JaiCommunityBugTrackerDev/JaiCommunityBugTrackerDev/compiler_bugs/.build/376_372_CEC0_3_w2.o /lib/x86_64-linux-gnu/crt1.o /lib/x86_64-linux-gnu/crti.o /lib/x86_64-linux-gnu/crtn.o -L /home/ubuntu/Desktop/actions-runner/_work/JaiCommunityBugTrackerDev/JaiCommunityBugTrackerDev --dynamic-linker /lib64/ld-linux-x86-64.so.2 -rpath='$ORIGIN' -L /usr/lib/x86_64-linux-gnu/libfakeroot -L /usr/local/lib -L /usr/local/lib/x86_64-linux-gnu -L /lib/x86_64-linux-gnu -L /usr/lib/x86_64-linux-gnu -L /lib64 -L /lib -L /usr/lib64 -L /usr/lib -L /home/ubuntu/Desktop/Jai/jai-beta-0.2.003/modules/ --start-group /lib/x86_64-linux-gnu/libc.so --end-group\n",
        "expected_compilation_exit_code": 0,
        "expected_run_exit_code": -1,
        "is_runtime_test": false,
        "passed_test": false,
        "run_exit_code": -1,
        "runtime_error_output": "",
        "runtime_output": ""
      },
      "windows": {
        "compilation_exit_code": 1,
        "compiler_error_output": "",
        "compiler_output": "   Creating library C:/Users/Private/Desktop/testo_runner/_work/JaiCommunityBugTrackerDev/JaiCommunityBugTrackerDev/compiler_bugs/.build/376_372_CEC0.lib and object C:/Users/Private/Desktop/testo_runner/_work/JaiCommunityBugTrackerDev/JaiCommunityBugTrackerDev/compiler_bugs/.build/376_372_CEC0.exp\r\n376_372_CEC0_2_w2.obj : error LNK2019: unresolved external symbol __program_main_110000008e referenced in function main\r\nC:\\Users\\Private\\Desktop\\testo_runner\\_work\\JaiCommunityBugTrackerDev\\JaiCommunityBugTrackerDev\\compiler_bugs\\376_372_CEC0.exe : fatal error LNK1120: 1 unresolved externals\r\nRunning linker: \"C:\\Program Files\\Microsoft Visual Studio\\2022\\Community\\VC\\Tools\\MSVC\\14.39.33519\\bin\\Hostx64\\x64\\link.exe\" /nologo C:/Users/Private/Desktop/testo_runner/_work/JaiCommunityBugTrackerDev/JaiCommunityBugTrackerDev/compiler_bugs/.build/376_372_CEC0_0_w2.obj C:/Users/Private/Desktop/testo_runner/_work/JaiCommunityBugTrackerDev/JaiCommunityBugTrackerDev/compiler_bugs/.build/376_372_CEC0_1_w2.obj C:/Users/Private/Desktop/testo_runner/_work/JaiCommunityBugTrackerDev/JaiCommunityBugTrackerDev/compiler_bugs/.build/376_372_CEC0_2_w2.obj C:/Users/Private/Desktop/testo_runner/_work/JaiCommunityBugTrackerDev/JaiCommunityBugTrackerDev/compiler_bugs/.build/376_372_CEC0_3_w2.obj /OUT:C:/Users/Private/Desktop/testo_runner/_work/JaiCommunityBugTrackerDev/JaiCommunityBugTrackerDev/compiler_bugs/376_372_CEC0.exe /MACHINE:AMD64 /INCREMENTAL:NO /DEBUG /IMPLIB:C:/Users/Private/Desktop/testo_runner/_work/JaiCommunityBugTrackerDev/JaiCommunityBugTrackerDev/compiler_bugs/.build/376_372_CEC0.lib /libpath:\"C:\\Program Files\\Microsoft Visual Studio\\2022\\Community\\VC\\Tools\\MSVC\\14.39.33519\\lib\\x64\" /libpath:\"C:\\Program Files (x86)\\Windows Kits\\10\\Lib\\10.0.22000.0\\um\\x64\" /libpath:\"C:\\Program Files (x86)\\Windows Kits\\10\\Lib\\10.0.22000.0\\ucrt\\x64\" -nodefaultlib libcmt.lib vcruntime.lib ucrt.lib kernel32.lib kernel32.lib DbgHelp.lib\r\n",
        "expected_compilation_exit_code": 0,
        "expected_run_exit_code": -1,
        "is_runtime_test": false,
        "passed_test": false,
        "run_exit_code": -1,
        "runtime_error_output": "",
        "runtime_output": ""
      }
    },
    "file_path": "compiler_bugs/376_372_CEC0.jai",
    "tracking_issue_number": 376
  },
  "377": {
    "beta-0.2.003": {
      "linux": {
        "compilation_exit_code": 3,
        "compiler_error_output": "Error: Jai encountered an exception running the program and is terminating.\n\nThis happened outside compile-time execution, so it is likely the compiler's fault.\n\nStack trace of the compiler:\n\n\nStack trace:\n/home/ubuntu/Desktop/Jai/jai-beta-0.2.003/bin/jai-linux() [0x758b6e]\n/lib/x86_64-linux-gnu/libc.so.6(+0x42520) [0x708888842520]\n/home/ubuntu/Desktop/Jai/jai-beta-0.2.003/bin/jai-linux(_ZN5Typer21check_function_headerEP10Ast_Lambda+0x673) [0x805c63]\n/home/ubuntu/Desktop/Jai/jai-beta-0.2.003/bin/jai-linux(_ZN5Typer11infer_typesEP3Ast+0x64e) [0x80ab3e]\n/home/ubuntu/Desktop/Jai/jai-beta-0.2.003/bin/jai-linux(_ZN5Typer11infer_typesEP6Queued+0x1be) [0x81b62e]\n/home/ubuntu/Desktop/Jai/jai-beta-0.2.003/bin/jai-linux() [0x7e28b2]\n/home/ubuntu/Desktop/Jai/jai-beta-0.2.003/bin/jai-linux(_ZN9Workspace13do_pipe_inferEv+0xed) [0x7e26cd]\n/home/ubuntu/Desktop/Jai/jai-beta-0.2.003/bin/jai-linux(_ZN9Workspace10flow_pipesEb+0x11e) [0x7e510e]\n/home/ubuntu/Desktop/Jai/jai-beta-0.2.003/bin/jai-linux(_Z13compiler_pumpP9Workspaceb+0x38d) [0x7f1b4d]\n/home/ubuntu/Desktop/Jai/jai-beta-0.2.003/bin/jai-linux(_Z20do_compilation_cycleP9Workspaceb+0x52) [0x7f4212]\n/home/ubuntu/Desktop/Jai/jai-beta-0.2.003/bin/jai-linux(_Z28workspace_thread_entry_pointPv+0x1c0) [0x7f4690]\n/home/ubuntu/Desktop/Jai/jai-beta-0.2.003/bin/jai-linux(_Z16thread_middlemanPv+0x35) [0x860795]\n/lib/x86_64-linux-gnu/libc.so.6(+0x94ac3) [0x708888894ac3]\n/lib/x86_64-linux-gnu/libc.so.6(+0x126850) [0x708888926850]\n\n",
        "compiler_output": "",
        "expected_compilation_exit_code": 1,
        "expected_run_exit_code": -1,
        "is_runtime_test": false,
        "passed_test": false,
        "run_exit_code": -1,
        "runtime_error_output": "",
        "runtime_output": ""
      },
      "windows": {
        "compilation_exit_code": 3,
        "compiler_error_output": "Error: Jai encountered an exception running the program and is terminating.\r\n\r\nCommand line arguments:\r\n  C:/jai/bin/jai.exe compiler_bugs/377_375_CEC1.jai\r\n\nThis happened outside compile-time execution, so it is likely the compiler's fault.\n\nStack trace of the compiler:\n\n  unknown(C5E67374) : BaseThreadInitThunk\r\n\r\n",
        "compiler_output": "",
        "expected_compilation_exit_code": 1,
        "expected_run_exit_code": -1,
        "is_runtime_test": false,
        "passed_test": false,
        "run_exit_code": -1,
        "runtime_error_output": "",
        "runtime_output": ""
      }
    },
    "file_path": "compiler_bugs/377_375_CEC1.jai",
    "tracking_issue_number": 377
  },
  "378": {
    "beta-0.2.003": {
      "linux": {
        "compilation_exit_code": 1,
        "compiler_error_output": "\nIn Workspace 2 (\"Target Program\"):\n/home/ubuntu/Desktop/actions-runner/_work/JaiCommunityBugTrackerDev/JaiCommunityBugTrackerDev/compiler_bugs/378_369_CEC0.jai:9,2: Error: Declaration claims to be constant, but uses an expression that is not constant.\n\n    main :: () {\n    \tC :: ivec2.{A.x, 1};\n     ^^^^^^^^^^^^^^^^^^^\n\n",
        "compiler_output": "",
        "expected_compilation_exit_code": 0,
        "expected_run_exit_code": -1,
        "is_runtime_test": false,
        "passed_test": false,
        "run_exit_code": -1,
        "runtime_error_output": "",
        "runtime_output": ""
      },
      "windows": {
        "compilation_exit_code": 1,
        "compiler_error_output": "\r\nIn Workspace 2 (\"Target Program\"):\r\nC:/Users/Private/Desktop/testo_runner/_work/JaiCommunityBugTrackerDev/JaiCommunityBugTrackerDev/compiler_bugs/378_369_CEC0.jai:4,13: Error: All values provided in a non-imperative struct literal must be constant, but argument 1 is not.\r\n\r\n    A :: ivec2.{1, 2};\r\n    B :: ivec2.{A.x, 1};\r\n                ^^^\r\n\r\nC:/Users/Private/Desktop/testo_runner/_work/JaiCommunityBugTrackerDev/JaiCommunityBugTrackerDev/compiler_bugs/378_369_CEC0.jai:4,11: Info: This struct literal is in a non-imperative scope, so it cannot contain elements that require runtime code.\r\n\r\n    A :: ivec2.{1, 2};\r\n    B :: ivec2.{A.x, 1};\r\n              ^^^^^^^^^\r\n\r\n",
        "compiler_output": "",
        "expected_compilation_exit_code": 0,
        "expected_run_exit_code": -1,
        "is_runtime_test": false,
        "passed_test": false,
        "run_exit_code": -1,
        "runtime_error_output": "",
        "runtime_output": ""
      }
    },
    "file_path": "compiler_bugs/378_369_CEC0.jai",
    "tracking_issue_number": 378
  },
  "379": {
    "beta-0.2.003": {
      "linux": {
        "compilation_exit_code": 1,
        "compiler_error_output": "\nIn Workspace 2 (\"Target Program\"):\n/home/ubuntu/Desktop/actions-runner/_work/JaiCommunityBugTrackerDev/JaiCommunityBugTrackerDev/compiler_bugs/379_367_CEC0.jai:27,38: Error: Type mismatch between the arguments when comparing two procedures. Type wanted: *int; type given: *string.\n\n    \t// can't\n    \tfoo2 :: #bake_arguments foo1(proc = bar);\n                                         ^^^\n\n",
        "compiler_output": "",
        "expected_compilation_exit_code": 0,
        "expected_run_exit_code": -1,
        "is_runtime_test": false,
        "passed_test": false,
        "run_exit_code": -1,
        "runtime_error_output": "",
        "runtime_output": ""
      },
      "windows": {
        "compilation_exit_code": 1,
        "compiler_error_output": "\r\nIn Workspace 2 (\"Target Program\"):\r\nC:/Users/Private/Desktop/testo_runner/_work/JaiCommunityBugTrackerDev/JaiCommunityBugTrackerDev/compiler_bugs/379_367_CEC0.jai:27,38: Error: Type mismatch between the arguments when comparing two procedures. Type wanted: *int; type given: *string.\r\n\r\n    \t// can't\r\n    \tfoo2 :: #bake_arguments foo1(proc = bar);\r\n                                         ^^^\r\n\r\n",
        "compiler_output": "",
        "expected_compilation_exit_code": 0,
        "expected_run_exit_code": -1,
        "is_runtime_test": false,
        "passed_test": false,
        "run_exit_code": -1,
        "runtime_error_output": "",
        "runtime_output": ""
      }
    },
    "file_path": "compiler_bugs/379_367_CEC0.jai",
    "tracking_issue_number": 379
  },
  "381": {
    "beta-0.2.003": {
      "linux": {
        "compilation_exit_code": 1,
        "compiler_error_output": "\nIn Workspace 2 (\"Target Program\"):\n/home/ubuntu/Desktop/actions-runner/_work/JaiCommunityBugTrackerDev/JaiCommunityBugTrackerDev/compiler_bugs/381_364_CEC0.jai:33,17: Error: Too many values provided in this struct literal.\n\n    }\n    for (B.{.{}}) {}\n            ^^^\n\n/home/ubuntu/Desktop/actions-runner/_work/JaiCommunityBugTrackerDev/JaiCommunityBugTrackerDev/compiler_bugs/381_364_CEC0.jai:27,14: Info: Here is the struct type that this literal is attempting to fill.\n\n    { // compiler error\n        A :: struct{}\n        B :: struct{a : A;}\n             ^^^^^^\n\n",
        "compiler_output": "",
        "expected_compilation_exit_code": 0,
        "expected_run_exit_code": -1,
        "is_runtime_test": false,
        "passed_test": false,
        "run_exit_code": -1,
        "runtime_error_output": "",
        "runtime_output": ""
      },
      "windows": {
        "compilation_exit_code": 1,
        "compiler_error_output": "\r\nIn Workspace 2 (\"Target Program\"):\r\nC:/Users/Private/Desktop/testo_runner/_work/JaiCommunityBugTrackerDev/JaiCommunityBugTrackerDev/compiler_bugs/381_364_CEC0.jai:33,17: Error: Too many values provided in this struct literal.\r\n\r\n    }\r\n    for (B.{.{}}) {}\r\n            ^^^\r\n\r\nC:/Users/Private/Desktop/testo_runner/_work/JaiCommunityBugTrackerDev/JaiCommunityBugTrackerDev/compiler_bugs/381_364_CEC0.jai:27,14: Info: Here is the struct type that this literal is attempting to fill.\r\n\r\n    { // compiler error\r\n        A :: struct{}\r\n        B :: struct{a : A;}\r\n             ^^^^^^\r\n\r\n",
        "compiler_output": "",
        "expected_compilation_exit_code": 0,
        "expected_run_exit_code": -1,
        "is_runtime_test": false,
        "passed_test": false,
        "run_exit_code": -1,
        "runtime_error_output": "",
        "runtime_output": ""
      }
    },
    "file_path": "compiler_bugs/381_364_CEC0.jai",
    "tracking_issue_number": 381
  },
  "382": {
    "beta-0.2.003": {
      "linux": {
        "compilation_exit_code": 1,
        "compiler_error_output": "\nIn Workspace 2 (\"Target Program\"):\n/home/ubuntu/Desktop/actions-runner/_work/JaiCommunityBugTrackerDev/JaiCommunityBugTrackerDev/compiler_bugs/382_380_REC0.jai:6,12: Error: Type mismatch. Type wanted: void; type given: s64.\n\n    print(\"% %\\n\", a, type_of(a));\n    assert(type_of(a) == int);\n    assert(a == 42);\n           ^^^^^^^\n\n",
        "compiler_output": "",
        "expected_compilation_exit_code": 0,
        "expected_run_exit_code": 0,
        "is_runtime_test": true,
        "passed_test": false,
        "run_exit_code": -1,
        "runtime_error_output": "",
        "runtime_output": ""
      },
      "windows": {
        "compilation_exit_code": 1,
        "compiler_error_output": "\r\nIn Workspace 2 (\"Target Program\"):\r\nC:/Users/Private/Desktop/testo_runner/_work/JaiCommunityBugTrackerDev/JaiCommunityBugTrackerDev/compiler_bugs/382_380_REC0.jai:6,12: Error: Type mismatch. Type wanted: void; type given: s64.\r\n\r\n    print(\"% %\\n\", a, type_of(a));\r\n    assert(type_of(a) == int);\r\n    assert(a == 42);\r\n           ^^^^^^^\r\n\r\n",
        "compiler_output": "",
        "expected_compilation_exit_code": 0,
        "expected_run_exit_code": 0,
        "is_runtime_test": true,
        "passed_test": false,
        "run_exit_code": -1,
        "runtime_error_output": "",
        "runtime_output": ""
      }
    },
    "file_path": "compiler_bugs/382_380_REC0.jai",
    "tracking_issue_number": 382
  }
}